<?xml version="1.0" encoding="UTF-8"?>
<!-- Generated by org.testng.reporters.JUnitReportReporter -->
<testsuite hostname="Parthi-Dell" failures="0" tests="1" name="Selenium_Java.Flipkart.HomePageTest" time="7.105" errors="0" timestamp="2022-08-07T04:44:36 IST" skipped="0">
  <testcase classname="Selenium_Java.Flipkart.HomePageTest" name="homePage" time="7.105"/>
  <system-out/>
</testsuite> <!-- Selenium_Java.Flipkart.HomePageTest -->
