<?xml version="1.0" encoding="UTF-8"?>
<!-- Generated by org.testng.reporters.JUnitReportReporter -->
<testsuite hostname="Parthi-Dell" failures="0" tests="1" name="flipkart.testcases.HomePageTest" time="1.110" errors="0" timestamp="2022-09-05T02:11:57 IST" skipped="0">
  <testcase classname="flipkart.testcases.HomePageTest" name="FlipkartHome" time="1.110"/>
  <system-out/>
</testsuite> <!-- flipkart.testcases.HomePageTest -->
