<?xml version="1.0" encoding="UTF-8"?>
<!-- Generated by org.testng.reporters.JUnitReportReporter -->
<testsuite hostname="Parthi-Dell" failures="0" tests="1" name="flipkart.pages.HomePageTest" time="38.803" errors="0" timestamp="2022-09-03T19:10:36 IST" skipped="0">
  <testcase classname="flipkart.pages.HomePageTest" name="homePage" time="38.803"/>
  <system-out/>
</testsuite> <!-- flipkart.pages.HomePageTest -->
